<?xml version="1.0" encoding="UTF-8"?>
<!-- Generated by org.testng.reporters.JUnitReportReporter -->
<testsuite hostname="DESKTOP-OJFEH9S" failures="0" tests="1" name="appium.demo" time="58.858" errors="0" timestamp="2023-04-05T12:40:35 IST" skipped="0">
  <testcase classname="appium.demo" name="test" time="58.858"/>
  <system-out/>
</testsuite> <!-- appium.demo -->
